Traceback (most recent call last):
  File "/home/sophieguan/proj-pete/./yolov7/train.py", line 587, in <module>
    opt.data, opt.cfg, opt.hyp = check_file(opt.data), check_file(opt.cfg), check_file(opt.hyp)  # check files
                                                                            ^^^^^^^^^^^^^^^^^^^
  File "/home/sophieguan/proj-pete/yolov7/utils/general.py", line 151, in check_file
    assert len(files), f'File Not Found: {file}'  # assert file was found
    ^^^^^^^^^^^^^^^^^^^^^^^^^^^^^^^^^^^^^^^^^^^^
AssertionError: File Not Found: ./yolov7/data/hyp.scratch.tiny.transfer.yaml
YOLOR 🚀 2023-11-30 torch 2.1.1 CUDA:0 (Tesla V100-SXM2-32GB, 32501.125MB)

Traceback (most recent call last):
  File "/home/sophieguan/proj-pete/./yolov7/test.py", line 319, in <module>
    test(opt.data,
  File "/home/sophieguan/proj-pete/./yolov7/test.py", line 58, in test
    model = attempt_load(weights, map_location=device)  # load FP32 model
            ^^^^^^^^^^^^^^^^^^^^^^^^^^^^^^^^^^^^^^^^^^
  File "/home/sophieguan/proj-pete/yolov7/models/experimental.py", line 252, in attempt_load
    ckpt = torch.load(w, map_location=map_location)  # load
           ^^^^^^^^^^^^^^^^^^^^^^^^^^^^^^^^^^^^^^^^
  File "/home/sophieguan/anaconda3/envs/ece189_gpu/lib/python3.11/site-packages/torch/serialization.py", line 986, in load
    with _open_file_like(f, 'rb') as opened_file:
         ^^^^^^^^^^^^^^^^^^^^^^^^
  File "/home/sophieguan/anaconda3/envs/ece189_gpu/lib/python3.11/site-packages/torch/serialization.py", line 435, in _open_file_like
    return _open_file(name_or_buffer, mode)
           ^^^^^^^^^^^^^^^^^^^^^^^^^^^^^^^^
  File "/home/sophieguan/anaconda3/envs/ece189_gpu/lib/python3.11/site-packages/torch/serialization.py", line 416, in __init__
    super().__init__(open(name, mode))
                     ^^^^^^^^^^^^^^^^
FileNotFoundError: [Errno 2] No such file or directory: './runs/train/VAR_B40E40_Transfer_0-0001/weights/best.pt'
