
[34m[1mautoanchor: [0mAnalyzing anchors... anchors/target = 4.86, Best Possible Recall (BPR) = 0.9951
                 all        1097        2595        0.71       0.158       0.133      0.0488
                 all        1097        2595       0.595       0.413       0.437       0.229
                 all        1097        2595       0.805       0.578       0.682       0.378
                 all        1097        2595       0.717       0.632       0.681       0.423
                 all        1097        2595       0.891       0.744       0.835       0.548
                 all        1097        2595       0.909       0.818       0.907       0.627
                 all        1097        2595       0.953       0.821       0.927       0.681
                 all        1097        2595       0.879       0.921       0.933       0.685
                 all        1097        2595       0.912       0.894       0.937       0.715
                 all        1097        2595       0.932       0.869       0.939       0.704
                 all        1097        2595       0.952       0.878       0.946       0.733
                 all        1097        2595       0.958       0.872       0.946        0.73
                 all        1097        2595       0.963       0.874       0.949       0.746
                 all        1097        2595       0.945       0.897       0.954       0.752
                 all        1097        2595       0.951         0.9       0.959       0.759
                 all        1097        2595       0.931       0.915       0.957       0.758
                 all        1097        2595       0.967       0.886       0.964       0.766
                 all        1097        2595        0.96       0.901       0.961       0.766
                 all        1097        2595       0.963       0.887       0.963       0.772
                 all        1097        2595       0.952       0.892        0.96       0.763
                 all        1097        2595       0.961       0.899       0.965       0.772
                 all        1097        2595       0.976        0.89       0.965       0.785
                 all        1097        2595       0.988       0.887       0.967       0.788
                 all        1097        2595        0.97       0.902       0.966       0.797
                 all        1097        2595       0.974       0.907       0.969       0.786
                 all        1097        2595       0.967       0.908       0.969       0.798
                 all        1097        2595       0.979       0.903       0.969       0.803
                 all        1097        2595       0.983       0.898       0.971       0.801
                 all        1097        2595       0.979       0.904       0.969       0.802
                 all        1097        2595       0.986         0.9        0.97       0.806
                 all        1097        2595       0.974        0.91       0.969       0.811
                 all        1097        2595       0.985       0.901       0.969       0.807
                 all        1097        2595        0.98       0.909       0.972       0.811
                 all        1097        2595       0.972       0.909       0.969       0.805
                 all        1097        2595       0.983       0.903       0.971       0.817
                 all        1097        2595       0.976       0.908       0.971       0.816
                 all        1097        2595       0.977       0.906       0.971       0.816
                 all        1097        2595       0.976       0.907       0.971       0.817
                 all        1097        2595       0.983       0.902       0.972       0.817
                 all        1097        2595       0.985         0.9       0.972       0.818
adjustable monkey wrench        1097         139       0.948       0.919       0.984        0.82
       monkey wrench        1097         195       0.996       0.949       0.992       0.843
           allen key        1097         108       0.989        0.87       0.989         0.8
 double-flats wrench        1097         114           1       0.626       0.864       0.716
                hand        1097        1609       0.985       0.956       0.986        0.76
pedal lockring wrench        1097         105       0.967       0.843       0.937       0.803
       crank remover        1097          66       0.994           1       0.995       0.884
             spindle        1097          62       0.979       0.855       0.979       0.786
doubleFlatsBottomBracket        1097          58       0.983           1       0.995       0.863
                bolt        1097          60       0.987       0.817       0.953       0.766
               pedal        1097          48       0.987           1       0.995       0.929
            crankArm        1097          31       0.999       0.968        0.99       0.841
Optimizer stripped from runs/train/VAR_B40E40_Transfer_Fine-Tune_0-0001/weights/last.pt, 12.3MB
Optimizer stripped from runs/train/VAR_B40E40_Transfer_Fine-Tune_0-0001/weights/best.pt, 12.3MB
