
[34m[1mautoanchor: [0mAnalyzing anchors... anchors/target = 4.86, Best Possible Recall (BPR) = 0.9951
                 all        1097        2595       0.704       0.182       0.142      0.0622
                 all        1097        2595       0.488       0.524       0.464       0.252
                 all        1097        2595       0.743       0.638       0.713       0.439
                 all        1097        2595       0.713       0.649       0.721       0.406
                 all        1097        2595       0.872       0.774       0.831       0.525
                 all        1097        2595       0.927       0.794       0.869       0.608
                 all        1097        2595       0.943        0.81       0.927       0.676
                 all        1097        2595       0.895       0.877        0.93       0.684
                 all        1097        2595       0.953       0.827       0.929       0.697
                 all        1097        2595        0.85       0.939       0.941       0.721
                 all        1097        2595       0.919       0.905       0.947       0.741
                 all        1097        2595       0.932       0.885        0.95       0.741
                 all        1097        2595       0.906       0.921        0.95       0.748
                 all        1097        2595       0.912       0.929       0.955       0.756
                 all        1097        2595       0.963       0.877       0.952       0.756
                 all        1097        2595       0.926       0.917       0.957       0.759
                 all        1097        2595       0.919       0.927       0.958       0.758
                 all        1097        2595       0.966       0.898        0.96        0.76
                 all        1097        2595        0.96       0.895        0.96       0.773
                 all        1097        2595       0.962       0.892       0.961       0.774
                 all        1097        2595       0.957       0.899       0.963        0.78
                 all        1097        2595       0.964        0.89       0.963       0.787
                 all        1097        2595       0.975         0.9       0.965       0.789
                 all        1097        2595       0.967       0.898       0.966       0.797
                 all        1097        2595       0.981       0.896       0.966       0.795
                 all        1097        2595       0.985       0.883       0.966       0.792
                 all        1097        2595       0.979       0.896       0.968       0.801
                 all        1097        2595       0.991       0.893       0.969       0.803
                 all        1097        2595       0.969       0.903       0.968       0.813
                 all        1097        2595        0.98       0.894       0.967       0.811
                 all        1097        2595       0.971       0.904       0.968       0.811
                 all        1097        2595       0.985       0.897       0.969        0.81
                 all        1097        2595        0.98       0.896       0.968       0.814
                 all        1097        2595       0.991        0.89       0.967       0.809
                 all        1097        2595        0.97       0.907       0.968       0.814
                 all        1097        2595       0.993       0.888       0.967       0.816
                 all        1097        2595       0.984       0.898       0.968       0.814
                 all        1097        2595       0.989       0.892       0.968       0.817
                 all        1097        2595       0.986       0.898       0.968       0.818
                 all        1097        2595       0.984       0.895       0.968        0.82
adjustable monkey wrench        1097         139       0.926       0.905       0.975       0.825
       monkey wrench        1097         195           1       0.944       0.978       0.843
           allen key        1097         108           1       0.837        0.98       0.798
 double-flats wrench        1097         114       0.986       0.629       0.866       0.723
                hand        1097        1609        0.99       0.955       0.986       0.762
pedal lockring wrench        1097         105           1       0.886       0.936       0.796
       crank remover        1097          66       0.995           1       0.995       0.904
             spindle        1097          62       0.994       0.855       0.984       0.779
doubleFlatsBottomBracket        1097          58        0.97       0.983       0.994       0.862
                bolt        1097          60        0.99       0.817       0.938       0.787
               pedal        1097          48       0.987           1       0.995       0.925
            crankArm        1097          31       0.975       0.935       0.993       0.836
Optimizer stripped from runs/train/VAR_B40E100_Transfer_Fine-Tune_0-0001/weights/last.pt, 12.3MB
Optimizer stripped from runs/train/VAR_B40E100_Transfer_Fine-Tune_0-0001/weights/best.pt, 12.3MB
