
[34m[1mautoanchor: [0mAnalyzing anchors... anchors/target = 4.92, Best Possible Recall (BPR) = 0.9998
                 all         594        2270       0.923       0.164       0.193       0.064
                 all         594        2270       0.592       0.598       0.564       0.173
                 all         594        2270       0.464       0.641       0.605       0.287
                 all         594        2270       0.657       0.831       0.799         0.4
                 all         594        2270       0.884       0.868       0.899       0.467
                 all         594        2270       0.858       0.873       0.926       0.511
                 all         594        2270       0.773       0.929       0.914       0.484
                 all         594        2270       0.792        0.87       0.852       0.472
                 all         594        2270       0.858       0.897       0.923       0.522
                 all         594        2270       0.915       0.961       0.969       0.611
                 all         594        2270       0.956       0.975       0.984       0.699
                 all         594        2270       0.971       0.979       0.986       0.677
                 all         594        2270       0.965       0.984        0.99       0.678
                 all         594        2270       0.985       0.984       0.993       0.735
                 all         594        2270       0.963       0.984       0.985       0.705
                 all         594        2270       0.987       0.982       0.992       0.697
                 all         594        2270       0.963       0.986       0.985       0.711
                 all         594        2270       0.989       0.987       0.995       0.759
                 all         594        2270       0.973       0.986       0.993       0.735
                 all         594        2270       0.989       0.986       0.994       0.772
                 all         594        2270       0.979       0.991       0.994       0.775
                 all         594        2270       0.995       0.965       0.992       0.769
                 all         594        2270        0.99        0.99       0.995       0.774
                 all         594        2270       0.987       0.996       0.995       0.781
                 all         594        2270       0.989       0.992       0.995       0.795
                 all         594        2270       0.985       0.994       0.995       0.785
                 all         594        2270       0.991       0.992       0.995       0.797
                 all         594        2270       0.991       0.996       0.995       0.807
                 all         594        2270       0.992        0.99       0.995       0.779
                 all         594        2270       0.991       0.994       0.995       0.807
                 all         594        2270       0.991       0.991       0.995       0.791
                 all         594        2270       0.988       0.995       0.995       0.818
                 all         594        2270       0.993       0.993       0.995       0.812
                 all         594        2270       0.992       0.992       0.995        0.82
                 all         594        2270       0.991       0.991       0.995       0.816
                 all         594        2270       0.993       0.995       0.995       0.828
                 all         594        2270       0.987       0.997       0.994       0.815
                 all         594        2270       0.991       0.996       0.995       0.822
                 all         594        2270       0.987       0.997       0.995       0.834
                 all         594        2270       0.989       0.997       0.995       0.837
                 all         594        2270       0.993       0.995       0.996       0.843
                 all         594        2270       0.992       0.996       0.995       0.844
                 all         594        2270       0.993       0.994       0.995       0.845
                 all         594        2270       0.992       0.995       0.995       0.841
                 all         594        2270       0.991       0.995       0.996       0.844
                 all         594        2270       0.993       0.995       0.995       0.851
                 all         594        2270       0.991       0.995       0.996       0.856
                 all         594        2270       0.991       0.996       0.995        0.86
                 all         594        2270       0.989       0.998       0.996       0.848
                 all         594        2270       0.995       0.993       0.996       0.851
                 all         594        2270       0.992       0.996       0.995       0.853
                 all         594        2270       0.993       0.996       0.995        0.86
                 all         594        2270       0.994       0.996       0.995       0.865
                 all         594        2270       0.995       0.994       0.995        0.86
                 all         594        2270       0.992       0.996       0.995       0.859
                 all         594        2270       0.993       0.996       0.995       0.868
                 all         594        2270       0.989       0.996       0.995       0.873
                 all         594        2270       0.994       0.993       0.995       0.867
                 all         594        2270       0.995       0.996       0.996       0.874
                 all         594        2270       0.993       0.997       0.996       0.872
                 all         594        2270       0.994       0.996       0.996       0.874
                 all         594        2270       0.992       0.995       0.995       0.879
                 all         594        2270       0.996       0.995       0.996       0.877
                 all         594        2270       0.994       0.996       0.996       0.879
                 all         594        2270       0.995       0.997       0.996       0.877
                 all         594        2270       0.994       0.995       0.995       0.885
                 all         594        2270       0.995       0.995       0.996       0.883
                 all         594        2270       0.994       0.997       0.996       0.886
                 all         594        2270       0.993       0.998       0.996       0.886
                 all         594        2270       0.992       0.997       0.996       0.889
                 all         594        2270       0.993       0.996       0.996       0.889
                 all         594        2270       0.994       0.997       0.996        0.89
                 all         594        2270       0.995       0.995       0.996       0.891
                 all         594        2270       0.996       0.994       0.996       0.891
                 all         594        2270       0.994       0.997       0.996        0.89
                 all         594        2270       0.996       0.993       0.996       0.893
                 all         594        2270       0.993       0.996       0.996       0.896
                 all         594        2270       0.995       0.997       0.996       0.891
                 all         594        2270       0.996       0.994       0.996       0.896
                 all         594        2270       0.995       0.995       0.996       0.898
                 all         594        2270       0.996       0.995       0.996       0.895
                 all         594        2270       0.995       0.996       0.996       0.894
                 all         594        2270       0.995       0.997       0.996       0.897
                 all         594        2270       0.995       0.997       0.996       0.898
                 all         594        2270       0.993       0.997       0.996       0.896
                 all         594        2270       0.996       0.995       0.996       0.898
                 all         594        2270       0.995       0.997       0.996         0.9
                 all         594        2270       0.994       0.997       0.996       0.902
                 all         594        2270       0.995       0.996       0.996       0.902
                 all         594        2270       0.995       0.997       0.996       0.902
                 all         594        2270       0.994       0.997       0.996       0.901
                 all         594        2270       0.994       0.997       0.996       0.904
                 all         594        2270       0.993       0.997       0.996       0.904
                 all         594        2270       0.993       0.997       0.996       0.904
                 all         594        2270       0.995       0.995       0.996       0.904
                 all         594        2270       0.995       0.995       0.996       0.905
                 all         594        2270       0.993       0.997       0.996       0.905
                 all         594        2270       0.993       0.997       0.996       0.904
                 all         594        2270       0.994       0.997       0.996       0.903
                 all         594        2270       0.993       0.997       0.996       0.904
 double-flats wrench         594          63       0.978           1       0.995       0.919
                hand         594         906       0.997       0.997       0.998       0.938
pedal lockring wrench         594          88       0.987           1       0.995       0.874
             spindle         594         221       0.998       0.995       0.996       0.825
doubleFlatsBottomBracket         594         198       0.995       0.995       0.996       0.899
                bolt         594         267       0.996       0.989       0.996        0.88
               pedal         594         180       0.998           1       0.996       0.921
            crankArm         594         347       0.997           1       0.996        0.98
Optimizer stripped from runs/train/Demo_Only_B128E100-tiny/weights/last.pt, 12.3MB
Optimizer stripped from runs/train/Demo_Only_B128E100-tiny/weights/best.pt, 12.3MB
