
[34m[1mautoanchor: [0mAnalyzing anchors... anchors/target = 3.95, Best Possible Recall (BPR) = 0.9891
                 all        4171        7781       0.936       0.848       0.932       0.594
                 all        4171        7781       0.958       0.894       0.958       0.702
                 all        4171        7781        0.94       0.924        0.96       0.725
                 all        4171        7781       0.951       0.939       0.972       0.775
                 all        4171        7781       0.977       0.936       0.983        0.79
                 all        4171        7781       0.984       0.935       0.984       0.804
                 all        4171        7781       0.969       0.938       0.981       0.816
                 all        4171        7781        0.97       0.946       0.986       0.822
                 all        4171        7781       0.973       0.953       0.987       0.838
                 all        4171        7781       0.984       0.945       0.987        0.84
                 all        4171        7781       0.974       0.966       0.988       0.844
                 all        4171        7781       0.982       0.956       0.988       0.849
                 all        4171        7781       0.982       0.954       0.988       0.851
                 all        4171        7781       0.981       0.955       0.989       0.854
                 all        4171        7781       0.987       0.954        0.99       0.854
                 all        4171        7781       0.975       0.964       0.989       0.862
                 all        4171        7781       0.983       0.962       0.989       0.862
                 all        4171        7781       0.981       0.959        0.99       0.862
                 all        4171        7781        0.99       0.959        0.99       0.866
                 all        4171        7781       0.985       0.962       0.991       0.869
                 all        4171        7781       0.978       0.964       0.991       0.871
                 all        4171        7781       0.978       0.965       0.991       0.871
                 all        4171        7781       0.984       0.966       0.991       0.874
                 all        4171        7781       0.988        0.96       0.991       0.875
                 all        4171        7781        0.99       0.959       0.991       0.876
                 all        4171        7781       0.991       0.963       0.991       0.877
                 all        4171        7781       0.989       0.966       0.991        0.88
                 all        4171        7781       0.991       0.965       0.991       0.882
                 all        4171        7781       0.988       0.967       0.991       0.883
                 all        4171        7781       0.986       0.969       0.991       0.884
                 all        4171        7781       0.984        0.97       0.991       0.884
                 all        4171        7781       0.985        0.97       0.992       0.885
                 all        4171        7781       0.986        0.97       0.992       0.886
                 all        4171        7781       0.987        0.97       0.992       0.886
                 all        4171        7781       0.986        0.97       0.992       0.888
                 all        4171        7781       0.988       0.969       0.992       0.887
                 all        4171        7781       0.989       0.968       0.992       0.888
                 all        4171        7781       0.989       0.968       0.992       0.888
                 all        4171        7781       0.989       0.969       0.992       0.889
                 all        4171        7781       0.989       0.968       0.992        0.89
                 all        4171        7781        0.99       0.968       0.992        0.89
                 all        4171        7781       0.985       0.972       0.992        0.89
                 all        4171        7781       0.984       0.973       0.992        0.89
                 all        4171        7781       0.989       0.968       0.992        0.89
                 all        4171        7781       0.989       0.968       0.992        0.89
                 all        4171        7781        0.99       0.967       0.992       0.891
                 all        4171        7781        0.99       0.968       0.992       0.891
                 all        4171        7781        0.99       0.968       0.992       0.891
                 all        4171        7781        0.99       0.968       0.992       0.892
                 all        4171        7781       0.983       0.976       0.992       0.892
                 all        4171        7781       0.983       0.976       0.992       0.892
                 all        4171        7781       0.983       0.976       0.993       0.892
                 all        4171        7781       0.989        0.97       0.993       0.892
                 all        4171        7781       0.988       0.971       0.993       0.893
                 all        4171        7781       0.989       0.971       0.993       0.894
                 all        4171        7781       0.989        0.97       0.993       0.894
                 all        4171        7781       0.991       0.968       0.993       0.894
                 all        4171        7781       0.991       0.969       0.993       0.894
                 all        4171        7781       0.992       0.969       0.993       0.895
                 all        4171        7781       0.992       0.968       0.993       0.895
                 all        4171        7781       0.992       0.969       0.993       0.895
                 all        4171        7781       0.992       0.969       0.993       0.896
                 all        4171        7781       0.993       0.969       0.993       0.896
                 all        4171        7781       0.992        0.97       0.993       0.897
                 all        4171        7781       0.992        0.97       0.993       0.897
                 all        4171        7781       0.992        0.97       0.993       0.897
                 all        4171        7781       0.991       0.971       0.993       0.898
                 all        4171        7781       0.993       0.969       0.993       0.898
                 all        4171        7781       0.993        0.97       0.993       0.899
                 all        4171        7781       0.993       0.969       0.993       0.899
                 all        4171        7781       0.994       0.969       0.993       0.899
                 all        4171        7781       0.994       0.969       0.993       0.899
                 all        4171        7781       0.994       0.969       0.993         0.9
                 all        4171        7781       0.995       0.969       0.993         0.9
                 all        4171        7781       0.994       0.969       0.993       0.901
                 all        4171        7781       0.995       0.969       0.993       0.901
                 all        4171        7781       0.995        0.97       0.994       0.901
                 all        4171        7781       0.995        0.97       0.994       0.902
                 all        4171        7781       0.995        0.97       0.994       0.902
                 all        4171        7781       0.995       0.969       0.994       0.902
                 all        4171        7781       0.995        0.97       0.994       0.902
                 all        4171        7781       0.995        0.97       0.994       0.903
                 all        4171        7781       0.995       0.971       0.994       0.903
                 all        4171        7781       0.995       0.971       0.994       0.903
                 all        4171        7781       0.995       0.971       0.994       0.903
                 all        4171        7781       0.995       0.971       0.994       0.903
                 all        4171        7781       0.995       0.971       0.994       0.904
                 all        4171        7781       0.988       0.978       0.994       0.904
                 all        4171        7781       0.988       0.979       0.994       0.905
                 all        4171        7781       0.989       0.978       0.994       0.905
                 all        4171        7781       0.988       0.979       0.994       0.905
                 all        4171        7781       0.989       0.979       0.994       0.906
                 all        4171        7781        0.99       0.979       0.994       0.907
                 all        4171        7781       0.989       0.979       0.994       0.907
                 all        4171        7781        0.99       0.979       0.994       0.907
                 all        4171        7781        0.99       0.979       0.994       0.908
                 all        4171        7781       0.992       0.978       0.994       0.908
                 all        4171        7781       0.992       0.978       0.994       0.908
                 all        4171        7781       0.992       0.978       0.994       0.909
                 all        4171        7781       0.991       0.979       0.994        0.91
adjustable monkey wrench        4171        1216       0.998       0.995       0.996       0.923
       monkey wrench        4171        1703       0.998       0.995       0.996       0.943
           allen key        4171         950       0.996       0.962       0.995       0.922
 double-flats wrench        4171         950       0.962       0.982       0.993       0.925
                hand        4171        1530       0.988       0.963       0.987       0.778
pedal lockring wrench        4171         860       0.999       0.953       0.995       0.925
       crank remover        4171         572       0.999           1       0.996       0.952
Optimizer stripped from runs/train/AFT_CM2/weights/last.pt, 12.3MB
Optimizer stripped from runs/train/AFT_CM2/weights/best.pt, 12.3MB
