bike-video/OutOfOrder2.mov
Video FPS: 30
Total Frames: 716
Processed 0/716 framesProcessed 100/716 framesProcessed 200/716 framesProcessed 300/716 framesProcessed 400/716 framesProcessed 500/716 framesProcessed 600/716 framesProcessed 700/716 frames
Frames extraction complete.
Reduced Total Frames: 80
Training: 64
Testing: 8
Shuffled
Processed 0/80 frames
Frames split complete.
YAML file 'data.yaml' created successfully.
Fetching folder structure
Working on ./data/robo_hand
Copying completed.
Copying completed.
Copying completed.
Copying completed.
Copying completed.
Copying completed.
Working on ./data/632859
Copying completed.
Copying completed.
Copying completed.
Copying completed.
Copying completed.
Copying completed.
Working on ./data/632875
Copying completed.
Copying completed.
Copying completed.
Copying completed.
Copying completed.
Copying completed.
Working on ./data/632949
Copying completed.
Copying completed.
Copying completed.
Copying completed.
Copying completed.
Copying completed.
Working on ./data/632955
Copying completed.
Copying completed.
Copying completed.
Copying completed.
Copying completed.
Copying completed.
Working on ./data/632968
Copying completed.
Copying completed.
Copying completed.
Copying completed.
Copying completed.
Copying completed.
Working on ./data/632959
Copying completed.
Copying completed.
Copying completed.
Copying completed.
Copying completed.
Copying completed.
Working on ./data/632960
Copying completed.
Copying completed.
Copying completed.
Copying completed.
Copying completed.
Copying completed.
Working on ./data/632964
Copying completed.
Copying completed.
Copying completed.
Copying completed.
Copying completed.
Copying completed.
Working on ./data/632963
Copying completed.
Copying completed.
Copying completed.
Copying completed.
Copying completed.
Copying completed.
Working on ./data/632877
Copying completed.
Copying completed.
Copying completed.
Copying completed.
Copying completed.
Copying completed.
Working on ./data/632961
Copying completed.
Copying completed.
Copying completed.
Copying completed.
Copying completed.
Copying completed.
Working on ./data/632962
Copying completed.
Copying completed.
Copying completed.
Copying completed.
Copying completed.
Copying completed.
Working on ./data/616459
Copying completed.
Copying completed.
Copying completed.
Copying completed.
Copying completed.
Copying completed.
Working on ./data/618275
Copying completed.
Copying completed.
Copying completed.
Copying completed.
Copying completed.
Copying completed.
Working on ./data/677203
Copying completed.
Copying completed.
Copying completed.
Copying completed.
Copying completed.
Copying completed.
Working on ./data/677248
Copying completed.
Copying completed.
Copying completed.
Copying completed.
Copying completed.
Copying completed.
Working on ./data/679544
Copying completed.
Copying completed.
Copying completed.
Copying completed.
Copying completed.
Copying completed.
Working on ./data/711508
Copying completed.
Copying completed.
Copying completed.
Copying completed.
Copying completed.
Copying completed.
Working on ./data/684029
Copying completed.
Copying completed.
Copying completed.
Copying completed.
Copying completed.
Copying completed.
Working on ./data/784358
Copying completed.
Copying completed.
Copying completed.
Copying completed.
Copying completed.
Copying completed.
Entering ./data/obj_train_data/test/labels:
Entering ./data/obj_train_data/train/labels:
Entering ./data/obj_train_data/valid/labels:
i: 0
adjustable monkey wrench: 1350 instances (5.07%)
i: 1
monkey wrench: 4028 instances (15.13%)
i: 2
allen key: 1055 instances (3.96%)
i: 3
double-flats wrench: 1157 instances (4.35%)
i: 4
hand: 16132 instances (60.61%)
i: 5
pedal lockring wrench: 1048 instances (3.94%)
i: 6
crank remover: 635 instances (2.39%)
i: 7
spindle: 586 instances (2.20%)
i: 8
doubleFlatsBottomBracket: 626 instances (2.35%)
i: 9
crankArmNonChainSide: 0 instances (0.00%)
i: 10
bolt: 0 instances (0.00%)
i: 11
pedal: 0 instances (0.00%)
i: 12
crankArm: 0 instances (0.00%)
i: 13
socket wrench: 0 instances (0.00%)
